<?xml version="1.0" encoding="UTF-8"?>
<!-- Generated by org.testng.reporters.JUnitReportReporter -->
<testsuite hostname="Kevin-Toshiba" name="housematesAppAutomation.UITestHousemates" tests="5" failures="0" timestamp="6 Nov 2014 00:10:28 GMT" time="29.666" errors="0">
  <testcase name="TestAnnouncements" time="2.911" classname="housematesAppAutomation.UITestHousemates"/>
  <testcase name="TestSettings" time="3.367" classname="housematesAppAutomation.UITestHousemates"/>
  <testcase name="TestCalendar" time="0.000" classname="housematesAppAutomation.UITestHousemates"/>
  <testcase name="TestTransactions" time="5.069" classname="housematesAppAutomation.UITestHousemates"/>
  <testcase name="TestUserHouseholdInvites" time="18.319" classname="housematesAppAutomation.UITestHousemates"/>
</testsuite> <!-- housematesAppAutomation.UITestHousemates -->
