<?xml version="1.0" encoding="UTF-8"?>
<!-- Generated by org.testng.reporters.JUnitReportReporter -->
<testsuite hostname="Kevin-Toshiba" name="housematesAppAutomation.TestUserCreateInviteFunctionality" tests="1" failures="0" timestamp="5 Nov 2014 21:45:16 GMT" time="50.210" errors="0">
  <testcase name="Test1" time="50.210" classname="housematesAppAutomation.TestUserCreateInviteFunctionality"/>
</testsuite> <!-- housematesAppAutomation.TestUserCreateInviteFunctionality -->
